<?xml version="1.0" encoding="UTF-8"?>
<testng-results ignored="0" total="2" passed="2" failed="0" skipped="0">
  <reporter-output>
  </reporter-output>
  <suite started-at="2023-09-29T11:59:01 IST" name="Default suite" finished-at="2023-09-29T11:59:01 IST" duration-ms="33">
    <groups>
    </groups>
    <test started-at="2023-09-29T11:59:01 IST" name="Default test" finished-at="2023-09-29T11:59:01 IST" duration-ms="33">
      <class name="com.Admin.TS1">
        <test-method is-config="true" signature="BS()[pri:0, instance:com.Admin.TS1@16eb3ea3]" started-at="2023-09-29T11:59:01 IST" name="BS" finished-at="2023-09-29T11:59:01 IST" duration-ms="8" status="PASS">
          <reporter-output>
          </reporter-output>
        </test-method> <!-- BS -->
        <test-method is-config="true" signature="BT()[pri:0, instance:com.Admin.TS1@16eb3ea3]" started-at="2023-09-29T11:59:01 IST" name="BT" finished-at="2023-09-29T11:59:01 IST" duration-ms="1" status="PASS">
          <reporter-output>
          </reporter-output>
        </test-method> <!-- BT -->
        <test-method is-config="true" signature="BC()[pri:0, instance:com.Admin.TS1@16eb3ea3]" started-at="2023-09-29T11:59:01 IST" name="BC" finished-at="2023-09-29T11:59:01 IST" duration-ms="0" status="PASS">
          <reporter-output>
          </reporter-output>
        </test-method> <!-- BC -->
        <test-method is-config="true" signature="BM()[pri:0, instance:com.Admin.TS1@16eb3ea3]" started-at="2023-09-29T11:59:01 IST" name="BM" finished-at="2023-09-29T11:59:01 IST" duration-ms="0" status="PASS">
          <reporter-output>
          </reporter-output>
        </test-method> <!-- BM -->
        <test-method signature="TM()[pri:0, instance:com.Admin.TS1@16eb3ea3]" started-at="2023-09-29T11:59:01 IST" name="TM" finished-at="2023-09-29T11:59:01 IST" duration-ms="5" status="PASS">
          <reporter-output>
          </reporter-output>
        </test-method> <!-- TM -->
        <test-method is-config="true" signature="BM2()[pri:0, instance:com.Admin.TS1@16eb3ea3]" started-at="2023-09-29T11:59:01 IST" name="BM2" finished-at="2023-09-29T11:59:01 IST" duration-ms="0" status="PASS">
          <reporter-output>
          </reporter-output>
        </test-method> <!-- BM2 -->
        <test-method is-config="true" signature="BM1()[pri:0, instance:com.Admin.TS1@16eb3ea3]" started-at="2023-09-29T11:59:01 IST" name="BM1" finished-at="2023-09-29T11:59:01 IST" duration-ms="0" status="PASS">
          <reporter-output>
          </reporter-output>
        </test-method> <!-- BM1 -->
        <test-method is-config="true" signature="AM()[pri:0, instance:com.Admin.TS1@16eb3ea3]" started-at="2023-09-29T11:59:01 IST" name="AM" finished-at="2023-09-29T11:59:01 IST" duration-ms="0" status="PASS">
          <reporter-output>
          </reporter-output>
        </test-method> <!-- AM -->
        <test-method is-config="true" signature="AM1()[pri:0, instance:com.Admin.TS1@16eb3ea3]" started-at="2023-09-29T11:59:01 IST" name="AM1" finished-at="2023-09-29T11:59:01 IST" duration-ms="0" status="PASS">
          <reporter-output>
          </reporter-output>
        </test-method> <!-- AM1 -->
        <test-method signature="TM1()[pri:0, instance:com.Admin.TS1@16eb3ea3]" started-at="2023-09-29T11:59:01 IST" name="TM1" finished-at="2023-09-29T11:59:01 IST" duration-ms="1" status="PASS">
          <reporter-output>
          </reporter-output>
        </test-method> <!-- TM1 -->
        <test-method is-config="true" signature="BM1()[pri:0, instance:com.Admin.TS1@16eb3ea3]" started-at="2023-09-29T11:59:01 IST" name="BM1" finished-at="2023-09-29T11:59:01 IST" duration-ms="0" status="PASS">
          <reporter-output>
          </reporter-output>
        </test-method> <!-- BM1 -->
        <test-method is-config="true" signature="BM2()[pri:0, instance:com.Admin.TS1@16eb3ea3]" started-at="2023-09-29T11:59:01 IST" name="BM2" finished-at="2023-09-29T11:59:01 IST" duration-ms="0" status="PASS">
          <reporter-output>
          </reporter-output>
        </test-method> <!-- BM2 -->
        <test-method is-config="true" signature="BM()[pri:0, instance:com.Admin.TS1@16eb3ea3]" started-at="2023-09-29T11:59:01 IST" name="BM" finished-at="2023-09-29T11:59:01 IST" duration-ms="0" status="PASS">
          <reporter-output>
          </reporter-output>
        </test-method> <!-- BM -->
        <test-method is-config="true" signature="AM1()[pri:0, instance:com.Admin.TS1@16eb3ea3]" started-at="2023-09-29T11:59:01 IST" name="AM1" finished-at="2023-09-29T11:59:01 IST" duration-ms="0" status="PASS">
          <reporter-output>
          </reporter-output>
        </test-method> <!-- AM1 -->
        <test-method is-config="true" signature="AM()[pri:0, instance:com.Admin.TS1@16eb3ea3]" started-at="2023-09-29T11:59:01 IST" name="AM" finished-at="2023-09-29T11:59:01 IST" duration-ms="0" status="PASS">
          <reporter-output>
          </reporter-output>
        </test-method> <!-- AM -->
        <test-method is-config="true" signature="AC()[pri:0, instance:com.Admin.TS1@16eb3ea3]" started-at="2023-09-29T11:59:01 IST" name="AC" finished-at="2023-09-29T11:59:01 IST" duration-ms="0" status="PASS">
          <reporter-output>
          </reporter-output>
        </test-method> <!-- AC -->
        <test-method is-config="true" signature="AT()[pri:0, instance:com.Admin.TS1@16eb3ea3]" started-at="2023-09-29T11:59:01 IST" name="AT" finished-at="2023-09-29T11:59:01 IST" duration-ms="0" status="PASS">
          <reporter-output>
          </reporter-output>
        </test-method> <!-- AT -->
        <test-method is-config="true" signature="AS()[pri:0, instance:com.Admin.TS1@16eb3ea3]" started-at="2023-09-29T11:59:01 IST" name="AS" finished-at="2023-09-29T11:59:01 IST" duration-ms="0" status="PASS">
          <reporter-output>
          </reporter-output>
        </test-method> <!-- AS -->
      </class> <!-- com.Admin.TS1 -->
    </test> <!-- Default test -->
  </suite> <!-- Default suite -->
</testng-results>
